#
# There is insufficient memory for the Java Runtime Environment to continue.
# Native memory allocation (mmap) failed to map 268435456 bytes for Failed to commit area from 0x0000000700e00000 to 0x0000000710e00000 of length 268435456.
# Possible reasons:
#   The system is out of physical RAM or swap space
#   The process is running with CompressedOops enabled, and the Java Heap may be blocking the growth of the native heap
# Possible solutions:
#   Reduce memory load on the system
#   Increase physical memory or swap space
#   Check if swap backing store is full
#   Decrease Java heap size (-Xmx/-Xms)
#   Decrease number of Java threads
#   Decrease Java thread stack sizes (-Xss)
#   Set larger code cache with -XX:ReservedCodeCacheSize=
# This output file may be truncated or incomplete.
#
#  Out of Memory Error (c:/BuildAgent/work/64e6ab55ab19e5a9/src/hotspot/os/windows/os_windows.cpp:3272), pid=644, tid=31440
#
# JRE version:  (11.0.2+9) (build )
# Java VM: OpenJDK 64-Bit Server VM (11.0.2+9-b159.56, mixed mode, aot, sharing, tiered, compressed oops, g1 gc, windows-amd64)
# No core dump will be written. Minidumps are not enabled by default on client versions of Windows
#

---------------  S U M M A R Y ------------

Command Line: org.jetbrains.git4idea.http.GitAskPassApp Username for 'https://github.com': 

Host: Intel(R) Core(TM) i7-6700K CPU @ 4.00GHz, 8 cores, 15G,  Windows 10 , 64 bit Build 18362 (10.0.18362.329)
Time: Thu Dec 12 00:37:33 2019 Central Standard Time elapsed time: 0 seconds (0d 0h 0m 0s)

---------------  T H R E A D  ---------------

Current thread (0x0000025f93eb8000):  JavaThread "Unknown thread" [_thread_in_vm, id=31440, stack(0x000000c471700000,0x000000c471800000)]

Stack: [0x000000c471700000,0x000000c471800000]
Native frames: (J=compiled Java code, j=interpreted, Vv=VM code, C=native code)
V  [jvm.dll+0x5da82a]
V  [jvm.dll+0x70b6c9]
V  [jvm.dll+0x70cbe8]
V  [jvm.dll+0x70d2b3]
V  [jvm.dll+0x240f18]
V  [jvm.dll+0x5d7fc4]
V  [jvm.dll+0x5cd115]
V  [jvm.dll+0x2fa5eb]
V  [jvm.dll+0x2fa55a]
V  [jvm.dll+0x2fa432]
V  [jvm.dll+0x2ff316]
V  [jvm.dll+0x347993]
V  [jvm.dll+0x348096]
V  [jvm.dll+0x347a93]
V  [jvm.dll+0x2d5588]
V  [jvm.dll+0x2d66c7]
V  [jvm.dll+0x6eaac7]
V  [jvm.dll+0x6ec22c]
V  [jvm.dll+0x3551c9]
V  [jvm.dll+0x6d274e]
V  [jvm.dll+0x3bd953]
V  [jvm.dll+0x3bfcc1]
C  [java.exe+0x3763]
C  [java.exe+0x17a0c]
C  [KERNEL32.DLL+0x17bd4]
C  [ntdll.dll+0x6ced1]


---------------  P R O C E S S  ---------------

Threads class SMR info:
_java_thread_list=0x0000025f92546ed0, length=0, elements={
}

Java Threads: ( => current thread )

Other Threads:
  0x0000025f93ed0800 GCTaskThread "GC Thread#0" [stack: 0x000000c471800000,0x000000c471900000] [id=28416]
  0x0000025f93f2c000 ConcurrentGCThread "G1 Main Marker" [stack: 0x000000c471900000,0x000000c471a00000] [id=15508]
  0x0000025f93f2d000 ConcurrentGCThread "G1 Conc#0" [stack: 0x000000c471a00000,0x000000c471b00000] [id=12988]

[error occurred during error reporting (printing all threads), id 0xc0000005, EXCEPTION_ACCESS_VIOLATION (0xc0000005) at pc=0x00007ffd98b95687]

VM state:not at safepoint (not fully initialized)

VM Mutex/Monitor currently owned by a thread:  ([mutex/lock_event])
[0x0000025f93eb4b00] Heap_lock - owner thread: 0x0000025f93eb8000

Heap address: 0x0000000700e00000, size: 4082 MB, Compressed Oops mode: Non-zero based: 0x0000000700e00000
Narrow klass base: 0x0000000000000000, Narrow klass shift: 0

GC Heap History (0 events):
No events

Deoptimization events (0 events):
No events

Classes redefined (0 events):
No events

Internal exceptions (0 events):
No events

Events (0 events):
No events


Dynamic libraries:
0x00007ff6d8070000 - 0x00007ff6d80b7000 	C:\Program Files\JetBrains\PyCharm Community Edition 2019.1.2\jre64\bin\java.exe
0x00007ffdfa5c0000 - 0x00007ffdfa7b0000 	C:\WINDOWS\SYSTEM32\ntdll.dll
0x00007ffdf8d10000 - 0x00007ffdf8dc2000 	C:\WINDOWS\System32\KERNEL32.DLL
0x00007ffdf82d0000 - 0x00007ffdf8573000 	C:\WINDOWS\System32\KERNELBASE.dll
0x00007ffdf99f0000 - 0x00007ffdf9b84000 	C:\WINDOWS\System32\USER32.dll
0x00007ffdf85a0000 - 0x00007ffdf85c1000 	C:\WINDOWS\System32\win32u.dll
0x00007ffdfa0b0000 - 0x00007ffdfa0d6000 	C:\WINDOWS\System32\GDI32.dll
0x00007ffdf7550000 - 0x00007ffdf76e4000 	C:\WINDOWS\System32\gdi32full.dll
0x00007ffdf85d0000 - 0x00007ffdf866e000 	C:\WINDOWS\System32\msvcp_win.dll
0x00007ffdf8000000 - 0x00007ffdf80fa000 	C:\WINDOWS\System32\ucrtbase.dll
0x00007ffde8ed0000 - 0x00007ffde9155000 	C:\WINDOWS\WinSxS\amd64_microsoft.windows.common-controls_6595b64144ccf1df_6.0.18362.476_none_e6c4b11b130f2595\COMCTL32.dll
0x00007ffdf8b60000 - 0x00007ffdf8bfe000 	C:\WINDOWS\System32\msvcrt.dll
0x00007ffdf8f50000 - 0x00007ffdf9286000 	C:\WINDOWS\System32\combase.dll
0x00007ffdfa300000 - 0x00007ffdfa420000 	C:\WINDOWS\System32\RPCRT4.dll
0x00007ffdf8250000 - 0x00007ffdf82d0000 	C:\WINDOWS\System32\bcryptPrimitives.dll
0x00007ffdfa1a0000 - 0x00007ffdfa1ce000 	C:\WINDOWS\System32\IMM32.DLL
0x00007ffde1f90000 - 0x00007ffde1fa7000 	C:\Program Files\JetBrains\PyCharm Community Edition 2019.1.2\jre64\bin\vcruntime140.dll
0x00007ffdc00f0000 - 0x00007ffdc018d000 	C:\Program Files\JetBrains\PyCharm Community Edition 2019.1.2\jre64\bin\msvcp140.dll
0x00007ffd988b0000 - 0x00007ffd99366000 	C:\Program Files\JetBrains\PyCharm Community Edition 2019.1.2\jre64\bin\server\jvm.dll
0x00007ffdf8ea0000 - 0x00007ffdf8f43000 	C:\WINDOWS\System32\ADVAPI32.dll
0x00007ffdf9c00000 - 0x00007ffdf9c97000 	C:\WINDOWS\System32\sechost.dll
0x00007ffdfa0a0000 - 0x00007ffdfa0a8000 	C:\WINDOWS\System32\PSAPI.DLL
0x00007ffde7600000 - 0x00007ffde7609000 	C:\WINDOWS\SYSTEM32\WSOCK32.dll
0x00007ffdf9b90000 - 0x00007ffdf9bff000 	C:\WINDOWS\System32\WS2_32.dll
0x00007ffdf5540000 - 0x00007ffdf5564000 	C:\WINDOWS\SYSTEM32\WINMM.dll
0x00007ffdf2110000 - 0x00007ffdf211a000 	C:\WINDOWS\SYSTEM32\VERSION.dll
0x00007ffdf5510000 - 0x00007ffdf553d000 	C:\WINDOWS\SYSTEM32\WINMMBASE.dll
0x00007ffdf7720000 - 0x00007ffdf776a000 	C:\WINDOWS\System32\cfgmgr32.dll
0x00007ffdf74c0000 - 0x00007ffdf74d1000 	C:\WINDOWS\System32\kernel.appcore.dll
0x00007ffde1cf0000 - 0x00007ffde1d01000 	C:\Program Files\JetBrains\PyCharm Community Edition 2019.1.2\jre64\bin\verify.dll
0x00007ffde71f0000 - 0x00007ffde73e4000 	C:\WINDOWS\SYSTEM32\DBGHELP.DLL
0x00007ffde71c0000 - 0x00007ffde71ea000 	C:\WINDOWS\SYSTEM32\dbgcore.DLL
0x00007ffde1230000 - 0x00007ffde1259000 	C:\Program Files\JetBrains\PyCharm Community Edition 2019.1.2\jre64\bin\java.dll
0x00007ffde1960000 - 0x00007ffde1977000 	C:\Program Files\JetBrains\PyCharm Community Edition 2019.1.2\jre64\bin\zip.dll
0x00007ffdf36b0000 - 0x00007ffdf36bb000 	C:\Program Files\JetBrains\PyCharm Community Edition 2019.1.2\jre64\bin\jimage.dll

dbghelp: loaded successfully - version: 4.0.5 - missing functions: none
symbol engine: initialized successfully - sym options: 0x614 - pdb path: .;C:\Program Files\JetBrains\PyCharm Community Edition 2019.1.2\jre64\bin;C:\WINDOWS\SYSTEM32;C:\WINDOWS\WinSxS\amd64_microsoft.windows.common-controls_6595b64144ccf1df_6.0.18362.476_none_e6c4b11b130f2595;C:\Program Files\JetBrains\PyCharm Community Edition 2019.1.2\jre64\bin\server

VM Arguments:
java_command: org.jetbrains.git4idea.http.GitAskPassApp Username for 'https://github.com': 
java_class_path (initial): C:/Program Files/JetBrains/PyCharm Community Edition 2019.1.2/plugins/git4idea/lib/git4idea-rt.jar;C:/Program Files/JetBrains/PyCharm Community Edition 2019.1.2/lib/xmlrpc-2.0.1.jar;C:/Program Files/JetBrains/PyCharm Community Edition 2019.1.2/lib/commons-codec-1.10.jar;C:/Program Files/JetBrains/PyCharm Community Edition 2019.1.2/lib/util.jar
Launcher Type: SUN_STANDARD

[Global flags]
     intx CICompilerCount                          = 4                                         {product} {ergonomic}
     uint ConcGCThreads                            = 2                                         {product} {ergonomic}
     uint G1ConcRefinementThreads                  = 8                                         {product} {ergonomic}
   size_t G1HeapRegionSize                         = 1048576                                   {product} {ergonomic}
    uintx GCDrainStackTargetSize                   = 64                                        {product} {ergonomic}
   size_t InitialHeapSize                          = 268435456                                 {product} {ergonomic}
   size_t MarkStackSize                            = 4194304                                   {product} {ergonomic}
   size_t MaxHeapSize                              = 4280287232                                {product} {ergonomic}
   size_t MinHeapDeltaBytes                        = 1048576                                   {product} {ergonomic}
    uintx NonNMethodCodeHeapSize                   = 5835340                                {pd product} {ergonomic}
    uintx NonProfiledCodeHeapSize                  = 122911450                              {pd product} {ergonomic}
    uintx ProfiledCodeHeapSize                     = 122911450                              {pd product} {ergonomic}
    uintx ReservedCodeCacheSize                    = 251658240                              {pd product} {ergonomic}
     bool SegmentedCodeCache                       = true                                      {product} {ergonomic}
     bool UseCompressedClassPointers               = true                                 {lp64_product} {ergonomic}
     bool UseCompressedOops                        = true                                 {lp64_product} {ergonomic}
     bool UseG1GC                                  = true                                      {product} {ergonomic}
     bool UseLargePagesIndividualAllocation        = false                                  {pd product} {ergonomic}

Logging:
Log output configuration:
 #0: stdout all=warning uptime,level,tags
 #1: stderr all=off uptime,level,tags

Environment Variables:
PATH=C:/Program Files/Git/mingw64/libexec/git-core;C:/Program Files/Git/mingw64/libexec/git-core;C:\Program Files\Git\mingw64\bin;C:\Program Files\Git\usr\bin;C:\Users\sheng\bin;C:\Program Files (x86)\Common Files\Oracle\Java\javapath;C:\Program Files\NVIDIA GPU Computing Toolkit\CUDA\v10.1\bin;C:\Program Files\NVIDIA GPU Computing Toolkit\CUDA\v10.1\libnvvp;;C:\Windows\system32;C:\Windows;C:\Windows\System32\Wbem;C:\Windows\System32\WindowsPowerShell\v1.0\;C:\Program Files (x86)\NVIDIA Corporation\PhysX\Common;D:\Git\cmd;C:\WINDOWS\system32;C:\WINDOWS;C:\WINDOWS\System32\Wbem;C:\WINDOWS\System32\WindowsPowerShell\v1.0\;C:\WINDOWS\System32\OpenSSH\;C:\Program Files\Git\cmd;C:\Program Files\NVIDIA Corporation\NVIDIA NvDLISR;C:\Program Files\dotnet\;C:\Program Files\NVIDIA Corporation\Nsight Compute 2019.1\;C:\WINDOWS\system32;C:\WINDOWS;C:\WINDOWS\System32\Wbem;C:\WINDOWS\System32\WindowsPowerShell\v1.0\;C:\WINDOWS\System32\OpenSSH\;C:\Users\sheng\AppData\Local\Programs\Python\Python36\Scripts\;C:\Users\sheng\AppData\Local\Programs\Python\Python36\;C:\Users\sheng\AppData\Local\Microsoft\WindowsApps;C:\Wind\Wind.NET.Client\WindNET\bin\;C:\Program Files\JetBrains\PyCharm Community Edition 2019.1.2\bin;;C:\Users\sheng\AppData\Roaming\TinyTeX\bin\win32
USERNAME=sheng
DISPLAY=:0.0
OS=Windows_NT
PROCESSOR_IDENTIFIER=Intel64 Family 6 Model 94 Stepping 3, GenuineIntel



---------------  S Y S T E M  ---------------

OS: Windows 10 , 64 bit Build 18362 (10.0.18362.329)

CPU:total 8 (initial active 8) (4 cores per cpu, 2 threads per core) family 6 model 94 stepping 3, cmov, cx8, fxsr, mmx, sse, sse2, sse3, ssse3, sse4.1, sse4.2, popcnt, avx, avx2, aes, clmul, erms, rtm, 3dnowpref, lzcnt, ht, tsc, tscinvbit, bmi1, bmi2, adx, fma

Memory: 4k page, system-wide physical 16322M (671M free)
TotalPageFile size 65464M (AvailPageFile size 159M)
current process WorkingSet (physical memory assigned to process): 10M, peak: 10M
current process commit charge ("private bytes"): 60M, peak: 316M

vm_info: OpenJDK 64-Bit Server VM (11.0.2+9-b159.56) for windows-amd64 JRE (11.0.2+9-b159.56), built on Apr 30 2019 15:48:48 by "" with MS VC++ 14.0 (VS2015)

END.
